{"clientReference":"PAY-123456789","level":"info","message":"Processing payout request","service":"sample-microservice","timestamp":"2025-03-23 22:15:07"}
{"clientReference":"PAY-123456789","details":{"details":["Currency must be one of: NGN, EGP, XOF","Invalid payment method","\"beneficiary\" does not match any of the allowed types"]},"error":"Invalid payout request","level":"error","message":"Payout request failed","service":"sample-microservice","timestamp":"2025-03-23 22:15:07"}
{"clientReference":"PAY-123456789","level":"info","message":"Processing payout request","service":"sample-microservice","timestamp":"2025-03-23 22:15:07"}
{"clientReference":"PAY-123456789","details":{"details":["Amount must be positive","Currency must be one of: NGN, EGP, XOF","Invalid payment method","\"beneficiary\" does not match any of the allowed types"]},"error":"Invalid payout request","level":"error","message":"Payout request failed","service":"sample-microservice","timestamp":"2025-03-23 22:15:07"}
{"clientReference":"PAY-123456789","level":"info","message":"Processing payout request","service":"sample-microservice","timestamp":"2025-03-23 22:15:07"}
{"clientReference":"PAY-123456789","details":{"details":["Currency must be one of: NGN, EGP, XOF","Invalid payment method","\"beneficiary\" does not match any of the allowed types"]},"error":"Invalid payout request","level":"error","message":"Payout request failed","service":"sample-microservice","timestamp":"2025-03-23 22:15:07"}
{"clientReference":"PAY-123456789","level":"info","message":"Processing payout request","service":"sample-microservice","timestamp":"2025-03-23 22:15:08"}
{"clientReference":"PAY-123456789","details":{"details":["\"currency\" is required","\"method\" is required","\"statementReference\" is required"]},"error":"Invalid payout request","level":"error","message":"Payout request failed","service":"sample-microservice","timestamp":"2025-03-23 22:15:08"}
{"clientReference":"PAY-123456789","level":"info","message":"Processing payout request","service":"sample-microservice","timestamp":"2025-03-23 22:15:08"}
{"clientReference":"PAY-123456789","details":{"details":["Currency must be one of: NGN, EGP, XOF","Invalid payment method","\"beneficiary\" does not match any of the allowed types"]},"error":"Invalid payout request","level":"error","message":"Payout request failed","service":"sample-microservice","timestamp":"2025-03-23 22:15:08"}
{"clientReference":"PAY-123456789","level":"info","message":"Processing payout request","service":"sample-microservice","timestamp":"2025-03-23 22:16:58"}
{"clientReference":"PAY-123456789","details":{"details":["Currency must be one of: NGN, EGP, XOF","Invalid payment method","\"beneficiary\" does not match any of the allowed types"]},"error":"Invalid payout request","level":"error","message":"Payout request failed","service":"sample-microservice","timestamp":"2025-03-23 22:16:58"}
{"clientReference":"PAY-123456789","level":"info","message":"Processing payout request","service":"sample-microservice","timestamp":"2025-03-23 22:16:58"}
{"clientReference":"PAY-123456789","details":{"details":["Amount must be positive","Currency must be one of: NGN, EGP, XOF","Invalid payment method","\"beneficiary\" does not match any of the allowed types"]},"error":"Invalid payout request","level":"error","message":"Payout request failed","service":"sample-microservice","timestamp":"2025-03-23 22:16:58"}
{"clientReference":"PAY-123456789","level":"info","message":"Processing payout request","service":"sample-microservice","timestamp":"2025-03-23 22:16:58"}
{"clientReference":"PAY-123456789","details":{"details":["Currency must be one of: NGN, EGP, XOF","Invalid payment method","\"beneficiary\" does not match any of the allowed types"]},"error":"Invalid payout request","level":"error","message":"Payout request failed","service":"sample-microservice","timestamp":"2025-03-23 22:16:58"}
{"clientReference":"PAY-123456789","level":"info","message":"Processing payout request","service":"sample-microservice","timestamp":"2025-03-23 22:16:58"}
{"clientReference":"PAY-123456789","details":{"details":["\"currency\" is required","\"method\" is required","\"statementReference\" is required"]},"error":"Invalid payout request","level":"error","message":"Payout request failed","service":"sample-microservice","timestamp":"2025-03-23 22:16:58"}
{"clientReference":"PAY-123456789","level":"info","message":"Processing payout request","service":"sample-microservice","timestamp":"2025-03-23 22:16:58"}
{"clientReference":"PAY-123456789","details":{"details":["Currency must be one of: NGN, EGP, XOF","Invalid payment method","\"beneficiary\" does not match any of the allowed types"]},"error":"Invalid payout request","level":"error","message":"Payout request failed","service":"sample-microservice","timestamp":"2025-03-23 22:16:58"}
{"clientReference":"PAY-123456789","level":"info","message":"Processing payout request","service":"sample-microservice","timestamp":"2025-03-23 22:19:05"}
{"clientReference":"PAY-123456789","details":{"details":["Invalid payment method","\"beneficiary\" does not match any of the allowed types"]},"error":"Invalid payout request","level":"error","message":"Payout request failed","service":"sample-microservice","timestamp":"2025-03-23 22:19:05"}
{"clientReference":"PAY-123456789","level":"info","message":"Processing payout request","service":"sample-microservice","timestamp":"2025-03-23 22:19:05"}
{"clientReference":"PAY-123456789","details":{"details":["Amount must be positive","Invalid payment method","\"beneficiary\" does not match any of the allowed types"]},"error":"Invalid payout request","level":"error","message":"Payout request failed","service":"sample-microservice","timestamp":"2025-03-23 22:19:05"}
{"clientReference":"PAY-123456789","level":"info","message":"Processing payout request","service":"sample-microservice","timestamp":"2025-03-23 22:19:05"}
{"clientReference":"PAY-123456789","details":{"details":["Invalid payment method","\"beneficiary\" does not match any of the allowed types"]},"error":"Invalid payout request","level":"error","message":"Payout request failed","service":"sample-microservice","timestamp":"2025-03-23 22:19:05"}
{"clientReference":"PAY-123456789","level":"info","message":"Processing payout request","service":"sample-microservice","timestamp":"2025-03-23 22:19:05"}
{"clientReference":"PAY-123456789","details":{"details":["\"currency\" is required","\"method\" is required","\"statementReference\" is required"]},"error":"Invalid payout request","level":"error","message":"Payout request failed","service":"sample-microservice","timestamp":"2025-03-23 22:19:05"}
{"clientReference":"PAY-123456789","level":"info","message":"Processing payout request","service":"sample-microservice","timestamp":"2025-03-23 22:19:05"}
{"clientReference":"PAY-123456789","details":{"details":["Currency must be one of: NGN, EGP, XOF","Invalid payment method","\"beneficiary\" does not match any of the allowed types"]},"error":"Invalid payout request","level":"error","message":"Payout request failed","service":"sample-microservice","timestamp":"2025-03-23 22:19:05"}
